<?xml version="1.0" encoding="UTF-8"?>
<testsuite xmlns:xsi="http://www.w3.org/2001/XMLSchema-instance" xsi:noNamespaceSchemaLocation="https://maven.apache.org/surefire/maven-surefire-plugin/xsd/surefire-test-report-3.0.xsd" version="3.0" name="com.toonformat.spring.ToonMapperTest$Deserialization" time="0.011" tests="12" errors="0" skipped="0" failures="0">
  <properties>
[...]
</properties>
  <testcase name="listOfObjects" classname="com.toonformat.spring.ToonMapperTest$Deserialization" time="0.001"/>
  <testcase name="primitiveArray" classname="com.toonformat.spring.ToonMapperTest$Deserialization" time="0.002"/>
  <testcase name="simpleObject" classname="com.toonformat.spring.ToonMapperTest$Deserialization" time="0.0"/>
  <testcase name="annotatedDeserialization" classname="com.toonformat.spring.ToonMapperTest$Deserialization" time="0.001"/>
  <testcase name="emptyInput" classname="com.toonformat.spring.ToonMapperTest$Deserialization" time="0.0"/>
  <testcase name="tabularArray" classname="com.toonformat.spring.ToonMapperTest$Deserialization" time="0.001"/>
  <testcase name="listFormat" classname="com.toonformat.spring.ToonMapperTest$Deserialization" time="0.001"/>
  <testcase name="tabularToPojoList" classname="com.toonformat.spring.ToonMapperTest$Deserialization" time="0.002"/>
  <testcase name="quotedStrings" classname="com.toonformat.spring.ToonMapperTest$Deserialization" time="0.001"/>
  <testcase name="nestedObject" classname="com.toonformat.spring.ToonMapperTest$Deserialization" time="0.0"/>
  <testcase name="nullValue" classname="com.toonformat.spring.ToonMapperTest$Deserialization" time="0.001"/>
  <testcase name="booleanValues" classname="com.toonformat.spring.ToonMapperTest$Deserialization" time="0.0"/>
</testsuite>